See file:///C:/Users/461/Documents/Rowdy20/build/tmp/compileFrcUserProgramDebugExecutableFrcUserProgramCpp/output.txt for all output for compileFrcUserProgramDebugExecutableFrcUserProgramCpp.
compiling Robot.cpp failed.
In file included from C:\Users\461\Documents\Rowdy20\src\main\cpp\Robot.h:13:0,
                 from C:\Users\461\Documents\Rowdy20\src\main\cpp\Robot.cpp:8:
C:\Users\461\Documents\Rowdy20\build\tmp\expandedArchives\wpilibc-cpp-2019.2.1-headers.zip_c5f7002a6c1dfda8aa2899e2594d01fe/SmartDashboard/SendableChooser.h:14:2: warning: #warning is a GCC extension
 #warning "smartdashboard/SendableChooser.h is deprecated; include frc/smartdashboard/SendableChooser.h instead"
  ^~~~~~~
C:\Users\461\Documents\Rowdy20\build\tmp\expandedArchives\wpilibc-cpp-2019.2.1-headers.zip_c5f7002a6c1dfda8aa2899e2594d01fe/SmartDashboard/SendableChooser.h:14:2: warning: #warning "smartdashboard/SendableChooser.h is deprecated; include frc/smartdashboard/SendableChooser.h instead" [-Wcpp]
In file included from C:\Users\461\Documents\Rowdy20\src\main\cpp\Robot.cpp:12:0:
C:\Users\461\Documents\Rowdy20\build\tmp\expandedArchives\wpilibc-cpp-2019.2.1-headers.zip_c5f7002a6c1dfda8aa2899e2594d01fe/SmartDashboard/SmartDashboard.h:14:2: warning: #warning is a GCC extension
 #warning "smartdashboard/SmartDashboard.h is deprecated; include frc/smartdashboard/SmartDashboard.h instead"
  ^~~~~~~
C:\Users\461\Documents\Rowdy20\build\tmp\expandedArchives\wpilibc-cpp-2019.2.1-headers.zip_c5f7002a6c1dfda8aa2899e2594d01fe/SmartDashboard/SmartDashboard.h:14:2: warning: #warning "smartdashboard/SmartDashboard.h is deprecated; include frc/smartdashboard/SmartDashboard.h instead" [-Wcpp]
In file included from C:\Users\461\Documents\Rowdy20\src\main\cpp\Robot.cpp:8:0:
C:\Users\461\Documents\Rowdy20\src\main\cpp\Robot.h:50:2: error: 'DoubleSolenoid' does not name a type
  DoubleSolenoid *TacoPos;
  ^~~~~~~~~~~~~~
C:\Users\461\Documents\Rowdy20\src\main\cpp\Robot.h:53:2: error: 'DoubleSolenoid' does not name a type
  DoubleSolenoid *IntakePos;
  ^~~~~~~~~~~~~~
C:\Users\461\Documents\Rowdy20\src\main\cpp\Robot.h:55:2: error: 'Joystick' does not name a type
  Joystick *leftJoystick;
  ^~~~~~~~
C:\Users\461\Documents\Rowdy20\src\main\cpp\Robot.h:56:2: error: 'Joystick' does not name a type
  Joystick *rightJoystick;
  ^~~~~~~~
C:\Users\461\Documents\Rowdy20\src\main\cpp\Robot.h:57:2: error: 'Joystick' does not name a type
  Joystick *operatingControl;
  ^~~~~~~~
C:\Users\461\Documents\Rowdy20\src\main\cpp\Robot.h:59:2: error: 'SpeedControllerGroup' does not name a type
  SpeedControllerGroup *leftSide;
  ^~~~~~~~~~~~~~~~~~~~
C:\Users\461\Documents\Rowdy20\src\main\cpp\Robot.h:60:2: error: 'SpeedControllerGroup' does not name a type
  SpeedControllerGroup *rightSide;
  ^~~~~~~~~~~~~~~~~~~~
C:\Users\461\Documents\Rowdy20\src\main\cpp\Robot.h:61:2: error: 'SpeedControllerGroup' does not name a type
  SpeedControllerGroup *elevator;
  ^~~~~~~~~~~~~~~~~~~~
C:\Users\461\Documents\Rowdy20\src\main\cpp\Robot.h:63:2: error: 'DifferentialDrive' does not name a type
  DifferentialDrive *driveTrain;
  ^~~~~~~~~~~~~~~~~
C:\Users\461\Documents\Rowdy20\src\main\cpp\Robot.h:65:2: error: 'DigitalInput' does not name a type
  DigitalInput *ElevatorTop;
  ^~~~~~~~~~~~
C:\Users\461\Documents\Rowdy20\src\main\cpp\Robot.h:66:2: error: 'DigitalInput' does not name a type
  DigitalInput *ElevatorBottom;
  ^~~~~~~~~~~~
C:\Users\461\Documents\Rowdy20\src\main\cpp\Robot.h:68:2: error: 'Encoder' does not name a type
  Encoder *ElevatorEncoder;
  ^~~~~~~
C:\Users\461\Documents\Rowdy20\src\main\cpp\Robot.h:70:2: error: 'DoubleSolenoid' does not name a type
  DoubleSolenoid *Iris;
  ^~~~~~~~~~~~~~
C:\Users\461\Documents\Rowdy20\src\main\cpp\Robot.h:72:2: error: 'PowerDistributionPanel' does not name a type
  PowerDistributionPanel *pdp;
  ^~~~~~~~~~~~~~~~~~~~~~
C:\Users\461\Documents\Rowdy20\src\main\cpp\Robot.cpp: In member function 'virtual void Robot::RobotInit()':
C:\Users\461\Documents\Rowdy20\src\main\cpp\Robot.cpp:20:2: error: 'leftJoystick' was not declared in this scope
  leftJoystick = new Joystick(0);
  ^~~~~~~~~~~~
C:\Users\461\Documents\Rowdy20\src\main\cpp\Robot.cpp:20:21: error: expected type-specifier before 'Joystick'
  leftJoystick = new Joystick(0);
                     ^~~~~~~~
C:\Users\461\Documents\Rowdy20\src\main\cpp\Robot.cpp:21:2: error: 'rightJoystick' was not declared in this scope
  rightJoystick = new Joystick(1);
  ^~~~~~~~~~~~~
C:\Users\461\Documents\Rowdy20\src\main\cpp\Robot.cpp:21:22: error: expected type-specifier before 'Joystick'
  rightJoystick = new Joystick(1);
                      ^~~~~~~~
C:\Users\461\Documents\Rowdy20\src\main\cpp\Robot.cpp:22:2: error: 'operatingControl' was not declared in this scope
  operatingControl = new Joystick(2);
  ^~~~~~~~~~~~~~~~
C:\Users\461\Documents\Rowdy20\src\main\cpp\Robot.cpp:22:25: error: expected type-specifier before 'Joystick'
  operatingControl = new Joystick(2);
                         ^~~~~~~~
C:\Users\461\Documents\Rowdy20\src\main\cpp\Robot.cpp:35:2: error: 'ElevatorTop' was not declared in this scope
  ElevatorTop = new DigitalInput(ElevateTop);
  ^~~~~~~~~~~
C:\Users\461\Documents\Rowdy20\src\main\cpp\Robot.cpp:35:20: error: expected type-specifier before 'DigitalInput'
  ElevatorTop = new DigitalInput(ElevateTop);
                    ^~~~~~~~~~~~
C:\Users\461\Documents\Rowdy20\src\main\cpp\Robot.cpp:36:2: error: 'ElevatorBottom' was not declared in this scope
  ElevatorBottom = new DigitalInput(ElevateBottom);
  ^~~~~~~~~~~~~~
C:\Users\461\Documents\Rowdy20\src\main\cpp\Robot.cpp:36:23: error: expected type-specifier before 'DigitalInput'
  ElevatorBottom = new DigitalInput(ElevateBottom);
                       ^~~~~~~~~~~~
C:\Users\461\Documents\Rowdy20\src\main\cpp\Robot.cpp:39:2: error: 'TacoPos' was not declared in this scope
  TacoPos = new DoubleSolenoid(TacoA, TacoB);
  ^~~~~~~
C:\Users\461\Documents\Rowdy20\src\main\cpp\Robot.cpp:39:16: error: expected type-specifier before 'DoubleSolenoid'
  TacoPos = new DoubleSolenoid(TacoA, TacoB);
                ^~~~~~~~~~~~~~
C:\Users\461\Documents\Rowdy20\src\main\cpp\Robot.cpp:42:2: error: 'IntakePos' was not declared in this scope
  IntakePos = new DoubleSolenoid(IntakeA, IntakeB);
  ^~~~~~~~~
C:\Users\461\Documents\Rowdy20\src\main\cpp\Robot.cpp:42:18: error: expected type-specifier before 'DoubleSolenoid'
  IntakePos = new DoubleSolenoid(IntakeA, IntakeB);
                  ^~~~~~~~~~~~~~
C:\Users\461\Documents\Rowdy20\src\main\cpp\Robot.cpp:44:2: error: 'Iris' was not declared in this scope
  Iris = new DoubleSolenoid(IrisA, IrisB);
  ^~~~
C:\Users\461\Documents\Rowdy20\src\main\cpp\Robot.cpp:44:13: error: expected type-specifier before 'DoubleSolenoid'
  Iris = new DoubleSolenoid(IrisA, IrisB);
             ^~~~~~~~~~~~~~
C:\Users\461\Documents\Rowdy20\src\main\cpp\Robot.cpp:46:2: error: 'rightSide' was not declared in this scope
  rightSide = new SpeedControllerGroup(*RMotor0,*RMotor1,*RMotor2);
  ^~~~~~~~~
C:\Users\461\Documents\Rowdy20\src\main\cpp\Robot.cpp:46:18: error: expected type-specifier before 'SpeedControllerGroup'
  rightSide = new SpeedControllerGroup(*RMotor0,*RMotor1,*RMotor2);
                  ^~~~~~~~~~~~~~~~~~~~
C:\Users\461\Documents\Rowdy20\src\main\cpp\Robot.cpp:47:2: error: 'leftSide' was not declared in this scope
  leftSide = new SpeedControllerGroup(*LMotor0, *LMotor1, *LMotor2);
  ^~~~~~~~
C:\Users\461\Documents\Rowdy20\src\main\cpp\Robot.cpp:47:17: error: expected type-specifier before 'SpeedControllerGroup'
  leftSide = new SpeedControllerGroup(*LMotor0, *LMotor1, *LMotor2);
                 ^~~~~~~~~~~~~~~~~~~~
C:\Users\461\Documents\Rowdy20\src\main\cpp\Robot.cpp:48:2: error: 'elevator' was not declared in this scope
  elevator = new SpeedControllerGroup(*Elevator0, *Elevator1);
  ^~~~~~~~
C:\Users\461\Documents\Rowdy20\src\main\cpp\Robot.cpp:48:17: error: expected type-specifier before 'SpeedControllerGroup'
  elevator = new SpeedControllerGroup(*Elevator0, *Elevator1);
                 ^~~~~~~~~~~~~~~~~~~~
C:\Users\461\Documents\Rowdy20\src\main\cpp\Robot.cpp:50:2: error: 'driveTrain' was not declared in this scope
  driveTrain = new DifferentialDrive(*rightSide, *leftSide);
  ^~~~~~~~~~
C:\Users\461\Documents\Rowdy20\src\main\cpp\Robot.cpp:50:19: error: expected type-specifier before 'DifferentialDrive'
  driveTrain = new DifferentialDrive(*rightSide, *leftSide);
                   ^~~~~~~~~~~~~~~~~
C:\Users\461\Documents\Rowdy20\src\main\cpp\Robot.cpp:52:2: error: 'ElevatorEncoder' was not declared in this scope
  ElevatorEncoder = new Encoder(ElevateEncoderA, ElevateEncoderB, false, Encoder::EncodingType::k4X);
  ^~~~~~~~~~~~~~~
C:\Users\461\Documents\Rowdy20\src\main\cpp\Robot.cpp:52:24: error: expected type-specifier before 'Encoder'
  ElevatorEncoder = new Encoder(ElevateEncoderA, ElevateEncoderB, false, Encoder::EncodingType::k4X);
                        ^~~~~~~
C:\Users\461\Documents\Rowdy20\src\main\cpp\Robot.cpp:55:2: error: 'pdp' was not declared in this scope
  pdp = new PowerDistributionPanel();
  ^~~
C:\Users\461\Documents\Rowdy20\src\main\cpp\Robot.cpp:55:12: error: expected type-specifier before 'PowerDistributionPanel'
  pdp = new PowerDistributionPanel();
            ^~~~~~~~~~~~~~~~~~~~~~
C:\Users\461\Documents\Rowdy20\src\main\cpp\Robot.cpp: In member function 'virtual void Robot::TeleopPeriodic()':
C:\Users\461\Documents\Rowdy20\src\main\cpp\Robot.cpp:66:72: error: 'ElevatorEncoder' was not declared in this scope
  frc::SmartDashboard::PutNumber("Rate of Elevator Encoder(units/sec)", ElevatorEncoder->GetRate());
                                                                        ^~~~~~~~~~~~~~~
C:\Users\461\Documents\Rowdy20\src\main\cpp\Robot.cpp:68:2: error: 'driveTrain' was not declared in this scope
  driveTrain->ArcadeDrive(rightJoystick->GetRawAxis(yAxisJS), leftJoystick->GetRawAxis(xAxisJS));
  ^~~~~~~~~~
C:\Users\461\Documents\Rowdy20\src\main\cpp\Robot.cpp:68:26: error: 'rightJoystick' was not declared in this scope
  driveTrain->ArcadeDrive(rightJoystick->GetRawAxis(yAxisJS), leftJoystick->GetRawAxis(xAxisJS));
                          ^~~~~~~~~~~~~
C:\Users\461\Documents\Rowdy20\src\main\cpp\Robot.cpp:68:62: error: 'leftJoystick' was not declared in this scope
  driveTrain->ArcadeDrive(rightJoystick->GetRawAxis(yAxisJS), leftJoystick->GetRawAxis(xAxisJS));
                                                              ^~~~~~~~~~~~
C:\Users\461\Documents\Rowdy20\src\main\cpp\Robot.cpp:72:2: error: 'elevator' was not declared in this scope
  elevator->Set(operatingControl->GetRawAxis(XboxJoystickAxis::XboxAxisRightStickY));
  ^~~~~~~~
C:\Users\461\Documents\Rowdy20\src\main\cpp\Robot.cpp:72:16: error: 'operatingControl' was not declared in this scope
  elevator->Set(operatingControl->GetRawAxis(XboxJoystickAxis::XboxAxisRightStickY));
                ^~~~~~~~~~~~~~~~
C:\Users\461\Documents\Rowdy20\src\main\cpp\Robot.cpp:73:6: error: 'ElevatorTop' was not declared in this scope
  if (ElevatorTop->Get() && operatingControl->GetRawAxis(XboxAxisRightStickY) > 0)
      ^~~~~~~~~~~
C:\Users\461\Documents\Rowdy20\src\main\cpp\Robot.cpp:77:11: error: 'ElevatorBottom' was not declared in this scope
  else if (ElevatorBottom->Get() && operatingControl->GetRawAxis(XboxAxisRightStickY) < 0)
           ^~~~~~~~~~~~~~
C:\Users\461\Documents\Rowdy20\src\main\cpp\Robot.cpp:106:3: error: 'TacoPos' was not declared in this scope
   TacoPos->Set(DoubleSolenoid::kForward);
   ^~~~~~~
C:\Users\461\Documents\Rowdy20\src\main\cpp\Robot.cpp:106:16: error: 'DoubleSolenoid' has not been declared
   TacoPos->Set(DoubleSolenoid::kForward);
                ^~~~~~~~~~~~~~
C:\Users\461\Documents\Rowdy20\src\main\cpp\Robot.cpp:110:3: error: 'TacoPos' was not declared in this scope
   TacoPos->Set(DoubleSolenoid::kReverse);
   ^~~~~~~
C:\Users\461\Documents\Rowdy20\src\main\cpp\Robot.cpp:110:16: error: 'DoubleSolenoid' has not been declared
   TacoPos->Set(DoubleSolenoid::kReverse);
                ^~~~~~~~~~~~~~
C:\Users\461\Documents\Rowdy20\src\main\cpp\Robot.cpp:115:3: error: 'Iris' was not declared in this scope
   Iris->Set(DoubleSolenoid::kForward);
   ^~~~
C:\Users\461\Documents\Rowdy20\src\main\cpp\Robot.cpp:115:13: error: 'DoubleSolenoid' has not been declared
   Iris->Set(DoubleSolenoid::kForward);
             ^~~~~~~~~~~~~~
C:\Users\461\Documents\Rowdy20\src\main\cpp\Robot.cpp:119:3: error: 'Iris' was not declared in this scope
   Iris->Set(DoubleSolenoid::kReverse);
   ^~~~
C:\Users\461\Documents\Rowdy20\src\main\cpp\Robot.cpp:119:13: error: 'DoubleSolenoid' has not been declared
   Iris->Set(DoubleSolenoid::kReverse);
             ^~~~~~~~~~~~~~
C:\Users\461\Documents\Rowdy20\src\main\cpp\Robot.cpp:124:3: error: 'IntakePos' was not declared in this scope
   IntakePos->Set(DoubleSolenoid::kForward);
   ^~~~~~~~~
C:\Users\461\Documents\Rowdy20\src\main\cpp\Robot.cpp:124:18: error: 'DoubleSolenoid' has not been declared
   IntakePos->Set(DoubleSolenoid::kForward);
                  ^~~~~~~~~~~~~~
C:\Users\461\Documents\Rowdy20\src\main\cpp\Robot.cpp:128:3: error: 'IntakePos' was not declared in this scope
   IntakePos->Set(DoubleSolenoid::kReverse);
   ^~~~~~~~~
C:\Users\461\Documents\Rowdy20\src\main\cpp\Robot.cpp:128:18: error: 'DoubleSolenoid' has not been declared
   IntakePos->Set(DoubleSolenoid::kReverse);
                  ^~~~~~~~~~~~~~
C:\Users\461\Documents\Rowdy20\src\main\cpp\Robot.cpp:142:15: error: 'pdp' was not declared in this scope
  std::cout << pdp->GetCurrent(1) << std::endl;
               ^~~
In file included from C:\Users\461\Documents\Rowdy20\build\tmp\expandedArchives\wpilibc-cpp-2019.2.1-headers.zip_c5f7002a6c1dfda8aa2899e2594d01fe/frc/IterativeRobotBase.h:10:0,
                 from C:\Users\461\Documents\Rowdy20\build\tmp\expandedArchives\wpilibc-cpp-2019.2.1-headers.zip_c5f7002a6c1dfda8aa2899e2594d01fe/frc/IterativeRobot.h:10,
                 from C:\Users\461\Documents\Rowdy20\build\tmp\expandedArchives\wpilibc-cpp-2019.2.1-headers.zip_c5f7002a6c1dfda8aa2899e2594d01fe/frc/WPILib.h:40,
                 from C:\Users\461\Documents\Rowdy20\src\main\cpp\Robot.h:9,
                 from C:\Users\461\Documents\Rowdy20\src\main\cpp\Robot.cpp:8:
C:\Users\461\Documents\Rowdy20\src\main\cpp\Robot.cpp: In function 'int main()':
C:\Users\461\Documents\Rowdy20\build\tmp\expandedArchives\wpilibc-cpp-2019.2.1-headers.zip_c5f7002a6c1dfda8aa2899e2594d01fe/frc/RobotBase.h:39:23: warning: 'int StartRobotClassImpl()' is deprecated: Call frc::StartRobot<Robot>() in your own main() instead of using the START_ROBOT_CLASS(Robot) macro. [-Wdeprecated-declarations]
   int main() { return StartRobotClassImpl(); }
                       ^
C:\Users\461\Documents\Rowdy20\src\main\cpp\Robot.cpp:155:1: note: in expansion of macro 'START_ROBOT_CLASS'
 START_ROBOT_CLASS(Robot)
 ^~~~~~~~~~~~~~~~~
C:\Users\461\Documents\Rowdy20\build\tmp\expandedArchives\wpilibc-cpp-2019.2.1-headers.zip_c5f7002a6c1dfda8aa2899e2594d01fe/frc/RobotBase.h:38:7: note: declared here
   int StartRobotClassImpl() { return frc::StartRobot<_ClassName_>(); } \
       ^
C:\Users\461\Documents\Rowdy20\src\main\cpp\Robot.cpp:155:1: note: in expansion of macro 'START_ROBOT_CLASS'
 START_ROBOT_CLASS(Robot)
 ^~~~~~~~~~~~~~~~~
C:\Users\461\Documents\Rowdy20\build\tmp\expandedArchives\wpilibc-cpp-2019.2.1-headers.zip_c5f7002a6c1dfda8aa2899e2594d01fe/frc/RobotBase.h:39:43: warning: 'int StartRobotClassImpl()' is deprecated: Call frc::StartRobot<Robot>() in your own main() instead of using the START_ROBOT_CLASS(Robot) macro. [-Wdeprecated-declarations]
   int main() { return StartRobotClassImpl(); }
                                           ^
C:\Users\461\Documents\Rowdy20\src\main\cpp\Robot.cpp:155:1: note: in expansion of macro 'START_ROBOT_CLASS'
 START_ROBOT_CLASS(Robot)
 ^~~~~~~~~~~~~~~~~
C:\Users\461\Documents\Rowdy20\build\tmp\expandedArchives\wpilibc-cpp-2019.2.1-headers.zip_c5f7002a6c1dfda8aa2899e2594d01fe/frc/RobotBase.h:38:7: note: declared here
   int StartRobotClassImpl() { return frc::StartRobot<_ClassName_>(); } \
       ^
C:\Users\461\Documents\Rowdy20\src\main\cpp\Robot.cpp:155:1: note: in expansion of macro 'START_ROBOT_CLASS'
 START_ROBOT_CLASS(Robot)
 ^~~~~~~~~~~~~~~~~

Finished compileFrcUserProgramDebugExecutableFrcUserProgramCpp, see full log file:///C:/Users/461/Documents/Rowdy20/build/tmp/compileFrcUserProgramDebugExecutableFrcUserProgramCpp/output.txt.
